<?xml version="1.0" encoding="UTF-8"?>
<testsuite xmlns:xsi="http://www.w3.org/2001/XMLSchema-instance" xsi:noNamespaceSchemaLocation="https://maven.apache.org/surefire/maven-failsafe-plugin/xsd/failsafe-test-report-3.0.xsd" version="3.0" name="Categories" time="24.277" tests="2" errors="0" skipped="0" failures="0">
  <properties>
[...]
</properties>
  <testcase name="GET- Get all Categories" classname="Categories" time="20.056">
    <system-out><![CDATA[
Scenario: GET- Get all Categories                &amp#27;[90m# src/test/resources/Categories.feature:7&amp#27;[0m
  &amp#27;[32mGiven &amp#27;[0m&amp#27;[32mI set an endpoint for Get all categories&amp#27;[0m &amp#27;[90m# stepdefinitions.CategoriesSteps.iSetAnEndpointForGetAllCategories()&amp#27;[0m
  &amp#27;[32mWhen &amp#27;[0m&amp#27;[32mI send Get all categories request&amp#27;[0m         &amp#27;[90m# stepdefinitions.CategoriesSteps.iSendGetAllCategoriesRequest()&amp#27;[0m
  &amp#27;[32mThen &amp#27;[0m&amp#27;[32mI validate the status code is &amp#27;[0m&amp#27;[32m&amp#27;[1m200&amp#27;[0m         &amp#27;[90m# stepdefinitions.CategoriesSteps.iValidateTheStatusCodeIs(int)&amp#27;[0m
]]></system-out>
  </testcase>
  <testcase name="POST - Create Category" classname="Categories" time="4.221">
    <system-out><![CDATA[
Scenario: POST - Create Category                               &amp#27;[90m# src/test/resources/Categories.feature:12&amp#27;[0m
  &amp#27;[32mGiven &amp#27;[0m&amp#27;[32mI set an endpoint to create category&amp#27;[0m                   &amp#27;[90m# stepdefinitions.CategoriesSteps.iSetAnEndpointToCreateCategory()&amp#27;[0m
  &amp#27;[32mWhen &amp#27;[0m&amp#27;[32mI request POST detail for create new category&amp#27;[0m           &amp#27;[90m# stepdefinitions.CategoriesSteps.iRequestPOSTDetailForCreateNewCategory()&amp#27;[0m
  &amp#27;[32mThen &amp#27;[0m&amp#27;[32mI validate the status code after create category is &amp#27;[0m&amp#27;[32m&amp#27;[1m200&amp#27;[0m &amp#27;[90m# stepdefinitions.CategoriesSteps.iValidateTheStatusCodeAfterCreateCategoryIs(int)&amp#27;[0m
]]></system-out>
  </testcase>
</testsuite>