<?xml version="1.0" encoding="UTF-8"?><testsuite errors="0" failures="0" name="As an Admin" skipped="0" tests="9" time="82.71" timestamp="2022-05-17 08:23:30"><testcase name="POST - Create user with new email"/><testcase name="POST - Create user using registered email"/><testcase name="POST - Give ratings to a product"/><testcase name="GET - get product's ratings"/><testcase name="POST - Create order"/><testcase name="GET -  Get all orders"/><testcase name="POST - Invalid request for create order"/><testcase name="POST - write comment to a product"/><testcase name="GET - Get product's comments"/></testsuite>